<?xml version="1.0" encoding="UTF-8"?>
<testng-results ignored="0" total="3" passed="3" failed="0" skipped="0">
  <reporter-output>
  </reporter-output>
  <suite started-at="2023-02-02T13:58:25 IST" name="Suite" finished-at="2023-02-02T13:58:25 IST" duration-ms="129">
    <groups>
    </groups>
    <test started-at="2023-02-02T13:58:25 IST" name="Personal Loan" finished-at="2023-02-02T13:58:25 IST" duration-ms="129">
      <class name="test.Day_1">
        <test-method signature="demo()[pri:0, instance:test.Day_1@7e7be63f]" started-at="2023-02-02T13:58:25 IST" name="demo" finished-at="2023-02-02T13:58:25 IST" duration-ms="14" status="PASS">
          <reporter-output>
          </reporter-output>
        </test-method> <!-- demo -->
        <test-method signature="demo2()[pri:0, instance:test.Day_1@7e7be63f]" started-at="2023-02-02T13:58:25 IST" name="demo2" finished-at="2023-02-02T13:58:25 IST" duration-ms="3" status="PASS">
          <reporter-output>
          </reporter-output>
        </test-method> <!-- demo2 -->
      </class> <!-- test.Day_1 -->
      <class name="test.Day_2">
        <test-method signature="ploan()[pri:0, instance:test.Day_2@c88a337]" started-at="2023-02-02T13:58:25 IST" name="ploan" finished-at="2023-02-02T13:58:25 IST" duration-ms="2" status="PASS">
          <reporter-output>
          </reporter-output>
        </test-method> <!-- ploan -->
      </class> <!-- test.Day_2 -->
    </test> <!-- Personal Loan -->
  </suite> <!-- Suite -->
</testng-results>
